Making all in framework/common
make  all-am
/bin/sh ../../libtool  --tag=CXX   --mode=compile g++ -DHAVE_CONFIG_H -I.   -I/usr/local/tntnet/2.2rc3/include -Wno-long-long -Wall -pedantic -DPKGLIBDIR=\"/usr/local/tntnet/2.2rc3/lib/tntnet\" -g -O2  -MT libtntnet_la-backgroundworker.lo -MD -MP -MF .deps/libtntnet_la-backgroundworker.Tpo -c -o libtntnet_la-backgroundworker.lo `test -f 'backgroundworker.cpp' || echo './'`backgroundworker.cpp
libtool: compile:  g++ -DHAVE_CONFIG_H -I. -I/usr/local/tntnet/2.2rc3/include -Wno-long-long -Wall -pedantic -DPKGLIBDIR=\"/usr/local/tntnet/2.2rc3/lib/tntnet\" -g -O2 -MT libtntnet_la-backgroundworker.lo -MD -MP -MF .deps/libtntnet_la-backgroundworker.Tpo -c backgroundworker.cpp  -fno-common -DPIC -o .libs/libtntnet_la-backgroundworker.o
libtool: compile:  g++ -DHAVE_CONFIG_H -I. -I/usr/local/tntnet/2.2rc3/include -Wno-long-long -Wall -pedantic -DPKGLIBDIR=\"/usr/local/tntnet/2.2rc3/lib/tntnet\" -g -O2 -MT libtntnet_la-backgroundworker.lo -MD -MP -MF .deps/libtntnet_la-backgroundworker.Tpo -c backgroundworker.cpp -o libtntnet_la-backgroundworker.o >/dev/null 2>&1
mv -f .deps/libtntnet_la-backgroundworker.Tpo .deps/libtntnet_la-backgroundworker.Plo
/bin/sh ../../libtool  --tag=CXX   --mode=compile g++ -DHAVE_CONFIG_H -I.   -I/usr/local/tntnet/2.2rc3/include -Wno-long-long -Wall -pedantic -DPKGLIBDIR=\"/usr/local/tntnet/2.2rc3/lib/tntnet\" -g -O2  -MT libtntnet_la-cmd.lo -MD -MP -MF .deps/libtntnet_la-cmd.Tpo -c -o libtntnet_la-cmd.lo `test -f 'cmd.cpp' || echo './'`cmd.cpp
libtool: compile:  g++ -DHAVE_CONFIG_H -I. -I/usr/local/tntnet/2.2rc3/include -Wno-long-long -Wall -pedantic -DPKGLIBDIR=\"/usr/local/tntnet/2.2rc3/lib/tntnet\" -g -O2 -MT libtntnet_la-cmd.lo -MD -MP -MF .deps/libtntnet_la-cmd.Tpo -c cmd.cpp  -fno-common -DPIC -o .libs/libtntnet_la-cmd.o
libtool: compile:  g++ -DHAVE_CONFIG_H -I. -I/usr/local/tntnet/2.2rc3/include -Wno-long-long -Wall -pedantic -DPKGLIBDIR=\"/usr/local/tntnet/2.2rc3/lib/tntnet\" -g -O2 -MT libtntnet_la-cmd.lo -MD -MP -MF .deps/libtntnet_la-cmd.Tpo -c cmd.cpp -o libtntnet_la-cmd.o >/dev/null 2>&1
mv -f .deps/libtntnet_la-cmd.Tpo .deps/libtntnet_la-cmd.Plo
/bin/sh ../../libtool  --tag=CXX   --mode=compile g++ -DHAVE_CONFIG_H -I.   -I/usr/local/tntnet/2.2rc3/include -Wno-long-long -Wall -pedantic -DPKGLIBDIR=\"/usr/local/tntnet/2.2rc3/lib/tntnet\" -g -O2  -MT libtntnet_la-compident.lo -MD -MP -MF .deps/libtntnet_la-compident.Tpo -c -o libtntnet_la-compident.lo `test -f 'compident.cpp' || echo './'`compident.cpp
libtool: compile:  g++ -DHAVE_CONFIG_H -I. -I/usr/local/tntnet/2.2rc3/include -Wno-long-long -Wall -pedantic -DPKGLIBDIR=\"/usr/local/tntnet/2.2rc3/lib/tntnet\" -g -O2 -MT libtntnet_la-compident.lo -MD -MP -MF .deps/libtntnet_la-compident.Tpo -c compident.cpp  -fno-common -DPIC -o .libs/libtntnet_la-compident.o
libtool: compile:  g++ -DHAVE_CONFIG_H -I. -I/usr/local/tntnet/2.2rc3/include -Wno-long-long -Wall -pedantic -DPKGLIBDIR=\"/usr/local/tntnet/2.2rc3/lib/tntnet\" -g -O2 -MT libtntnet_la-compident.lo -MD -MP -MF .deps/libtntnet_la-compident.Tpo -c compident.cpp -o libtntnet_la-compident.o >/dev/null 2>&1
mv -f .deps/libtntnet_la-compident.Tpo .deps/libtntnet_la-compident.Plo
/bin/sh ../../libtool  --tag=CXX   --mode=compile g++ -DHAVE_CONFIG_H -I.   -I/usr/local/tntnet/2.2rc3/include -Wno-long-long -Wall -pedantic -DPKGLIBDIR=\"/usr/local/tntnet/2.2rc3/lib/tntnet\" -g -O2  -MT libtntnet_la-comploader.lo -MD -MP -MF .deps/libtntnet_la-comploader.Tpo -c -o libtntnet_la-comploader.lo `test -f 'comploader.cpp' || echo './'`comploader.cpp
libtool: compile:  g++ -DHAVE_CONFIG_H -I. -I/usr/local/tntnet/2.2rc3/include -Wno-long-long -Wall -pedantic -DPKGLIBDIR=\"/usr/local/tntnet/2.2rc3/lib/tntnet\" -g -O2 -MT libtntnet_la-comploader.lo -MD -MP -MF .deps/libtntnet_la-comploader.Tpo -c comploader.cpp  -fno-common -DPIC -o .libs/libtntnet_la-comploader.o
libtool: compile:  g++ -DHAVE_CONFIG_H -I. -I/usr/local/tntnet/2.2rc3/include -Wno-long-long -Wall -pedantic -DPKGLIBDIR=\"/usr/local/tntnet/2.2rc3/lib/tntnet\" -g -O2 -MT libtntnet_la-comploader.lo -MD -MP -MF .deps/libtntnet_la-comploader.Tpo -c comploader.cpp -o libtntnet_la-comploader.o >/dev/null 2>&1
mv -f .deps/libtntnet_la-comploader.Tpo .deps/libtntnet_la-comploader.Plo
/bin/sh ../../libtool  --tag=CXX   --mode=compile g++ -DHAVE_CONFIG_H -I.   -I/usr/local/tntnet/2.2rc3/include -Wno-long-long -Wall -pedantic -DPKGLIBDIR=\"/usr/local/tntnet/2.2rc3/lib/tntnet\" -g -O2  -MT libtntnet_la-component.lo -MD -MP -MF .deps/libtntnet_la-component.Tpo -c -o libtntnet_la-component.lo `test -f 'component.cpp' || echo './'`component.cpp
libtool: compile:  g++ -DHAVE_CONFIG_H -I. -I/usr/local/tntnet/2.2rc3/include -Wno-long-long -Wall -pedantic -DPKGLIBDIR=\"/usr/local/tntnet/2.2rc3/lib/tntnet\" -g -O2 -MT libtntnet_la-component.lo -MD -MP -MF .deps/libtntnet_la-component.Tpo -c component.cpp  -fno-common -DPIC -o .libs/libtntnet_la-component.o
libtool: compile:  g++ -DHAVE_CONFIG_H -I. -I/usr/local/tntnet/2.2rc3/include -Wno-long-long -Wall -pedantic -DPKGLIBDIR=\"/usr/local/tntnet/2.2rc3/lib/tntnet\" -g -O2 -MT libtntnet_la-component.lo -MD -MP -MF .deps/libtntnet_la-component.Tpo -c component.cpp -o libtntnet_la-component.o >/dev/null 2>&1
mv -f .deps/libtntnet_la-component.Tpo .deps/libtntnet_la-component.Plo
/bin/sh ../../libtool  --tag=CXX   --mode=compile g++ -DHAVE_CONFIG_H -I.   -I/usr/local/tntnet/2.2rc3/include -Wno-long-long -Wall -pedantic -DPKGLIBDIR=\"/usr/local/tntnet/2.2rc3/lib/tntnet\" -g -O2  -MT libtntnet_la-componentfactory.lo -MD -MP -MF .deps/libtntnet_la-componentfactory.Tpo -c -o libtntnet_la-componentfactory.lo `test -f 'componentfactory.cpp' || echo './'`componentfactory.cpp
libtool: compile:  g++ -DHAVE_CONFIG_H -I. -I/usr/local/tntnet/2.2rc3/include -Wno-long-long -Wall -pedantic -DPKGLIBDIR=\"/usr/local/tntnet/2.2rc3/lib/tntnet\" -g -O2 -MT libtntnet_la-componentfactory.lo -MD -MP -MF .deps/libtntnet_la-componentfactory.Tpo -c componentfactory.cpp  -fno-common -DPIC -o .libs/libtntnet_la-componentfactory.o
libtool: compile:  g++ -DHAVE_CONFIG_H -I. -I/usr/local/tntnet/2.2rc3/include -Wno-long-long -Wall -pedantic -DPKGLIBDIR=\"/usr/local/tntnet/2.2rc3/lib/tntnet\" -g -O2 -MT libtntnet_la-componentfactory.lo -MD -MP -MF .deps/libtntnet_la-componentfactory.Tpo -c componentfactory.cpp -o libtntnet_la-componentfactory.o >/dev/null 2>&1
mv -f .deps/libtntnet_la-componentfactory.Tpo .deps/libtntnet_la-componentfactory.Plo
/bin/sh ../../libtool  --tag=CXX   --mode=compile g++ -DHAVE_CONFIG_H -I.   -I/usr/local/tntnet/2.2rc3/include -Wno-long-long -Wall -pedantic -DPKGLIBDIR=\"/usr/local/tntnet/2.2rc3/lib/tntnet\" -g -O2  -MT libtntnet_la-contentdisposition.lo -MD -MP -MF .deps/libtntnet_la-contentdisposition.Tpo -c -o libtntnet_la-contentdisposition.lo `test -f 'contentdisposition.cpp' || echo './'`contentdisposition.cpp
libtool: compile:  g++ -DHAVE_CONFIG_H -I. -I/usr/local/tntnet/2.2rc3/include -Wno-long-long -Wall -pedantic -DPKGLIBDIR=\"/usr/local/tntnet/2.2rc3/lib/tntnet\" -g -O2 -MT libtntnet_la-contentdisposition.lo -MD -MP -MF .deps/libtntnet_la-contentdisposition.Tpo -c contentdisposition.cpp  -fno-common -DPIC -o .libs/libtntnet_la-contentdisposition.o
libtool: compile:  g++ -DHAVE_CONFIG_H -I. -I/usr/local/tntnet/2.2rc3/include -Wno-long-long -Wall -pedantic -DPKGLIBDIR=\"/usr/local/tntnet/2.2rc3/lib/tntnet\" -g -O2 -MT libtntnet_la-contentdisposition.lo -MD -MP -MF .deps/libtntnet_la-contentdisposition.Tpo -c contentdisposition.cpp -o libtntnet_la-contentdisposition.o >/dev/null 2>&1
mv -f .deps/libtntnet_la-contentdisposition.Tpo .deps/libtntnet_la-contentdisposition.Plo
/bin/sh ../../libtool  --tag=CXX   --mode=compile g++ -DHAVE_CONFIG_H -I.   -I/usr/local/tntnet/2.2rc3/include -Wno-long-long -Wall -pedantic -DPKGLIBDIR=\"/usr/local/tntnet/2.2rc3/lib/tntnet\" -g -O2  -MT libtntnet_la-contenttype.lo -MD -MP -MF .deps/libtntnet_la-contenttype.Tpo -c -o libtntnet_la-contenttype.lo `test -f 'contenttype.cpp' || echo './'`contenttype.cpp
libtool: compile:  g++ -DHAVE_CONFIG_H -I. -I/usr/local/tntnet/2.2rc3/include -Wno-long-long -Wall -pedantic -DPKGLIBDIR=\"/usr/local/tntnet/2.2rc3/lib/tntnet\" -g -O2 -MT libtntnet_la-contenttype.lo -MD -MP -MF .deps/libtntnet_la-contenttype.Tpo -c contenttype.cpp  -fno-common -DPIC -o .libs/libtntnet_la-contenttype.o
libtool: compile:  g++ -DHAVE_CONFIG_H -I. -I/usr/local/tntnet/2.2rc3/include -Wno-long-long -Wall -pedantic -DPKGLIBDIR=\"/usr/local/tntnet/2.2rc3/lib/tntnet\" -g -O2 -MT libtntnet_la-contenttype.lo -MD -MP -MF .deps/libtntnet_la-contenttype.Tpo -c contenttype.cpp -o libtntnet_la-contenttype.o >/dev/null 2>&1
mv -f .deps/libtntnet_la-contenttype.Tpo .deps/libtntnet_la-contenttype.Plo
/bin/sh ../../libtool  --tag=CXX   --mode=compile g++ -DHAVE_CONFIG_H -I.   -I/usr/local/tntnet/2.2rc3/include -Wno-long-long -Wall -pedantic -DPKGLIBDIR=\"/usr/local/tntnet/2.2rc3/lib/tntnet\" -g -O2  -MT libtntnet_la-convert.lo -MD -MP -MF .deps/libtntnet_la-convert.Tpo -c -o libtntnet_la-convert.lo `test -f 'convert.cpp' || echo './'`convert.cpp
libtool: compile:  g++ -DHAVE_CONFIG_H -I. -I/usr/local/tntnet/2.2rc3/include -Wno-long-long -Wall -pedantic -DPKGLIBDIR=\"/usr/local/tntnet/2.2rc3/lib/tntnet\" -g -O2 -MT libtntnet_la-convert.lo -MD -MP -MF .deps/libtntnet_la-convert.Tpo -c convert.cpp  -fno-common -DPIC -o .libs/libtntnet_la-convert.o
libtool: compile:  g++ -DHAVE_CONFIG_H -I. -I/usr/local/tntnet/2.2rc3/include -Wno-long-long -Wall -pedantic -DPKGLIBDIR=\"/usr/local/tntnet/2.2rc3/lib/tntnet\" -g -O2 -MT libtntnet_la-convert.lo -MD -MP -MF .deps/libtntnet_la-convert.Tpo -c convert.cpp -o libtntnet_la-convert.o >/dev/null 2>&1
mv -f .deps/libtntnet_la-convert.Tpo .deps/libtntnet_la-convert.Plo
/bin/sh ../../libtool  --tag=CXX   --mode=compile g++ -DHAVE_CONFIG_H -I.   -I/usr/local/tntnet/2.2rc3/include -Wno-long-long -Wall -pedantic -DPKGLIBDIR=\"/usr/local/tntnet/2.2rc3/lib/tntnet\" -g -O2  -MT libtntnet_la-cookie.lo -MD -MP -MF .deps/libtntnet_la-cookie.Tpo -c -o libtntnet_la-cookie.lo `test -f 'cookie.cpp' || echo './'`cookie.cpp
libtool: compile:  g++ -DHAVE_CONFIG_H -I. -I/usr/local/tntnet/2.2rc3/include -Wno-long-long -Wall -pedantic -DPKGLIBDIR=\"/usr/local/tntnet/2.2rc3/lib/tntnet\" -g -O2 -MT libtntnet_la-cookie.lo -MD -MP -MF .deps/libtntnet_la-cookie.Tpo -c cookie.cpp  -fno-common -DPIC -o .libs/libtntnet_la-cookie.o
libtool: compile:  g++ -DHAVE_CONFIG_H -I. -I/usr/local/tntnet/2.2rc3/include -Wno-long-long -Wall -pedantic -DPKGLIBDIR=\"/usr/local/tntnet/2.2rc3/lib/tntnet\" -g -O2 -MT libtntnet_la-cookie.lo -MD -MP -MF .deps/libtntnet_la-cookie.Tpo -c cookie.cpp -o libtntnet_la-cookie.o >/dev/null 2>&1
mv -f .deps/libtntnet_la-cookie.Tpo .deps/libtntnet_la-cookie.Plo
/bin/sh ../../libtool  --tag=CXX   --mode=compile g++ -DHAVE_CONFIG_H -I.   -I/usr/local/tntnet/2.2rc3/include -Wno-long-long -Wall -pedantic -DPKGLIBDIR=\"/usr/local/tntnet/2.2rc3/lib/tntnet\" -g -O2  -MT libtntnet_la-deflatestream.lo -MD -MP -MF .deps/libtntnet_la-deflatestream.Tpo -c -o libtntnet_la-deflatestream.lo `test -f 'deflatestream.cpp' || echo './'`deflatestream.cpp
libtool: compile:  g++ -DHAVE_CONFIG_H -I. -I/usr/local/tntnet/2.2rc3/include -Wno-long-long -Wall -pedantic -DPKGLIBDIR=\"/usr/local/tntnet/2.2rc3/lib/tntnet\" -g -O2 -MT libtntnet_la-deflatestream.lo -MD -MP -MF .deps/libtntnet_la-deflatestream.Tpo -c deflatestream.cpp  -fno-common -DPIC -o .libs/libtntnet_la-deflatestream.o
libtool: compile:  g++ -DHAVE_CONFIG_H -I. -I/usr/local/tntnet/2.2rc3/include -Wno-long-long -Wall -pedantic -DPKGLIBDIR=\"/usr/local/tntnet/2.2rc3/lib/tntnet\" -g -O2 -MT libtntnet_la-deflatestream.lo -MD -MP -MF .deps/libtntnet_la-deflatestream.Tpo -c deflatestream.cpp -o libtntnet_la-deflatestream.o >/dev/null 2>&1
mv -f .deps/libtntnet_la-deflatestream.Tpo .deps/libtntnet_la-deflatestream.Plo
/bin/sh ../../libtool  --tag=CXX   --mode=compile g++ -DHAVE_CONFIG_H -I.   -I/usr/local/tntnet/2.2rc3/include -Wno-long-long -Wall -pedantic -DPKGLIBDIR=\"/usr/local/tntnet/2.2rc3/lib/tntnet\" -g -O2  -MT libtntnet_la-dispatcher.lo -MD -MP -MF .deps/libtntnet_la-dispatcher.Tpo -c -o libtntnet_la-dispatcher.lo `test -f 'dispatcher.cpp' || echo './'`dispatcher.cpp
libtool: compile:  g++ -DHAVE_CONFIG_H -I. -I/usr/local/tntnet/2.2rc3/include -Wno-long-long -Wall -pedantic -DPKGLIBDIR=\"/usr/local/tntnet/2.2rc3/lib/tntnet\" -g -O2 -MT libtntnet_la-dispatcher.lo -MD -MP -MF .deps/libtntnet_la-dispatcher.Tpo -c dispatcher.cpp  -fno-common -DPIC -o .libs/libtntnet_la-dispatcher.o
libtool: compile:  g++ -DHAVE_CONFIG_H -I. -I/usr/local/tntnet/2.2rc3/include -Wno-long-long -Wall -pedantic -DPKGLIBDIR=\"/usr/local/tntnet/2.2rc3/lib/tntnet\" -g -O2 -MT libtntnet_la-dispatcher.lo -MD -MP -MF .deps/libtntnet_la-dispatcher.Tpo -c dispatcher.cpp -o libtntnet_la-dispatcher.o >/dev/null 2>&1
mv -f .deps/libtntnet_la-dispatcher.Tpo .deps/libtntnet_la-dispatcher.Plo
/bin/sh ../../libtool  --tag=CXX   --mode=compile g++ -DHAVE_CONFIG_H -I.   -I/usr/local/tntnet/2.2rc3/include -Wno-long-long -Wall -pedantic -DPKGLIBDIR=\"/usr/local/tntnet/2.2rc3/lib/tntnet\" -g -O2  -MT libtntnet_la-ecpp.lo -MD -MP -MF .deps/libtntnet_la-ecpp.Tpo -c -o libtntnet_la-ecpp.lo `test -f 'ecpp.cpp' || echo './'`ecpp.cpp
libtool: compile:  g++ -DHAVE_CONFIG_H -I. -I/usr/local/tntnet/2.2rc3/include -Wno-long-long -Wall -pedantic -DPKGLIBDIR=\"/usr/local/tntnet/2.2rc3/lib/tntnet\" -g -O2 -MT libtntnet_la-ecpp.lo -MD -MP -MF .deps/libtntnet_la-ecpp.Tpo -c ecpp.cpp  -fno-common -DPIC -o .libs/libtntnet_la-ecpp.o
libtool: compile:  g++ -DHAVE_CONFIG_H -I. -I/usr/local/tntnet/2.2rc3/include -Wno-long-long -Wall -pedantic -DPKGLIBDIR=\"/usr/local/tntnet/2.2rc3/lib/tntnet\" -g -O2 -MT libtntnet_la-ecpp.lo -MD -MP -MF .deps/libtntnet_la-ecpp.Tpo -c ecpp.cpp -o libtntnet_la-ecpp.o >/dev/null 2>&1
mv -f .deps/libtntnet_la-ecpp.Tpo .deps/libtntnet_la-ecpp.Plo
/bin/sh ../../libtool  --tag=CXX   --mode=compile g++ -DHAVE_CONFIG_H -I.   -I/usr/local/tntnet/2.2rc3/include -Wno-long-long -Wall -pedantic -DPKGLIBDIR=\"/usr/local/tntnet/2.2rc3/lib/tntnet\" -g -O2  -MT libtntnet_la-encoding.lo -MD -MP -MF .deps/libtntnet_la-encoding.Tpo -c -o libtntnet_la-encoding.lo `test -f 'encoding.cpp' || echo './'`encoding.cpp
libtool: compile:  g++ -DHAVE_CONFIG_H -I. -I/usr/local/tntnet/2.2rc3/include -Wno-long-long -Wall -pedantic -DPKGLIBDIR=\"/usr/local/tntnet/2.2rc3/lib/tntnet\" -g -O2 -MT libtntnet_la-encoding.lo -MD -MP -MF .deps/libtntnet_la-encoding.Tpo -c encoding.cpp  -fno-common -DPIC -o .libs/libtntnet_la-encoding.o
libtool: compile:  g++ -DHAVE_CONFIG_H -I. -I/usr/local/tntnet/2.2rc3/include -Wno-long-long -Wall -pedantic -DPKGLIBDIR=\"/usr/local/tntnet/2.2rc3/lib/tntnet\" -g -O2 -MT libtntnet_la-encoding.lo -MD -MP -MF .deps/libtntnet_la-encoding.Tpo -c encoding.cpp -o libtntnet_la-encoding.o >/dev/null 2>&1
mv -f .deps/libtntnet_la-encoding.Tpo .deps/libtntnet_la-encoding.Plo
/bin/sh ../../libtool  --tag=CXX   --mode=compile g++ -DHAVE_CONFIG_H -I.   -I/usr/local/tntnet/2.2rc3/include -Wno-long-long -Wall -pedantic -DPKGLIBDIR=\"/usr/local/tntnet/2.2rc3/lib/tntnet\" -g -O2  -MT libtntnet_la-htmlescostream.lo -MD -MP -MF .deps/libtntnet_la-htmlescostream.Tpo -c -o libtntnet_la-htmlescostream.lo `test -f 'htmlescostream.cpp' || echo './'`htmlescostream.cpp
libtool: compile:  g++ -DHAVE_CONFIG_H -I. -I/usr/local/tntnet/2.2rc3/include -Wno-long-long -Wall -pedantic -DPKGLIBDIR=\"/usr/local/tntnet/2.2rc3/lib/tntnet\" -g -O2 -MT libtntnet_la-htmlescostream.lo -MD -MP -MF .deps/libtntnet_la-htmlescostream.Tpo -c htmlescostream.cpp  -fno-common -DPIC -o .libs/libtntnet_la-htmlescostream.o
libtool: compile:  g++ -DHAVE_CONFIG_H -I. -I/usr/local/tntnet/2.2rc3/include -Wno-long-long -Wall -pedantic -DPKGLIBDIR=\"/usr/local/tntnet/2.2rc3/lib/tntnet\" -g -O2 -MT libtntnet_la-htmlescostream.lo -MD -MP -MF .deps/libtntnet_la-htmlescostream.Tpo -c htmlescostream.cpp -o libtntnet_la-htmlescostream.o >/dev/null 2>&1
mv -f .deps/libtntnet_la-htmlescostream.Tpo .deps/libtntnet_la-htmlescostream.Plo
/bin/sh ../../libtool  --tag=CXX   --mode=compile g++ -DHAVE_CONFIG_H -I.   -I/usr/local/tntnet/2.2rc3/include -Wno-long-long -Wall -pedantic -DPKGLIBDIR=\"/usr/local/tntnet/2.2rc3/lib/tntnet\" -g -O2  -MT libtntnet_la-http.lo -MD -MP -MF .deps/libtntnet_la-http.Tpo -c -o libtntnet_la-http.lo `test -f 'http.cpp' || echo './'`http.cpp
libtool: compile:  g++ -DHAVE_CONFIG_H -I. -I/usr/local/tntnet/2.2rc3/include -Wno-long-long -Wall -pedantic -DPKGLIBDIR=\"/usr/local/tntnet/2.2rc3/lib/tntnet\" -g -O2 -MT libtntnet_la-http.lo -MD -MP -MF .deps/libtntnet_la-http.Tpo -c http.cpp  -fno-common -DPIC -o .libs/libtntnet_la-http.o
libtool: compile:  g++ -DHAVE_CONFIG_H -I. -I/usr/local/tntnet/2.2rc3/include -Wno-long-long -Wall -pedantic -DPKGLIBDIR=\"/usr/local/tntnet/2.2rc3/lib/tntnet\" -g -O2 -MT libtntnet_la-http.lo -MD -MP -MF .deps/libtntnet_la-http.Tpo -c http.cpp -o libtntnet_la-http.o >/dev/null 2>&1
mv -f .deps/libtntnet_la-http.Tpo .deps/libtntnet_la-http.Plo
/bin/sh ../../libtool  --tag=CXX   --mode=compile g++ -DHAVE_CONFIG_H -I.   -I/usr/local/tntnet/2.2rc3/include -Wno-long-long -Wall -pedantic -DPKGLIBDIR=\"/usr/local/tntnet/2.2rc3/lib/tntnet\" -g -O2  -MT libtntnet_la-httperror.lo -MD -MP -MF .deps/libtntnet_la-httperror.Tpo -c -o libtntnet_la-httperror.lo `test -f 'httperror.cpp' || echo './'`httperror.cpp
libtool: compile:  g++ -DHAVE_CONFIG_H -I. -I/usr/local/tntnet/2.2rc3/include -Wno-long-long -Wall -pedantic -DPKGLIBDIR=\"/usr/local/tntnet/2.2rc3/lib/tntnet\" -g -O2 -MT libtntnet_la-httperror.lo -MD -MP -MF .deps/libtntnet_la-httperror.Tpo -c httperror.cpp  -fno-common -DPIC -o .libs/libtntnet_la-httperror.o
libtool: compile:  g++ -DHAVE_CONFIG_H -I. -I/usr/local/tntnet/2.2rc3/include -Wno-long-long -Wall -pedantic -DPKGLIBDIR=\"/usr/local/tntnet/2.2rc3/lib/tntnet\" -g -O2 -MT libtntnet_la-httperror.lo -MD -MP -MF .deps/libtntnet_la-httperror.Tpo -c httperror.cpp -o libtntnet_la-httperror.o >/dev/null 2>&1
mv -f .deps/libtntnet_la-httperror.Tpo .deps/libtntnet_la-httperror.Plo
/bin/sh ../../libtool  --tag=CXX   --mode=compile g++ -DHAVE_CONFIG_H -I.   -I/usr/local/tntnet/2.2rc3/include -Wno-long-long -Wall -pedantic -DPKGLIBDIR=\"/usr/local/tntnet/2.2rc3/lib/tntnet\" -g -O2  -MT libtntnet_la-httpheader.lo -MD -MP -MF .deps/libtntnet_la-httpheader.Tpo -c -o libtntnet_la-httpheader.lo `test -f 'httpheader.cpp' || echo './'`httpheader.cpp
libtool: compile:  g++ -DHAVE_CONFIG_H -I. -I/usr/local/tntnet/2.2rc3/include -Wno-long-long -Wall -pedantic -DPKGLIBDIR=\"/usr/local/tntnet/2.2rc3/lib/tntnet\" -g -O2 -MT libtntnet_la-httpheader.lo -MD -MP -MF .deps/libtntnet_la-httpheader.Tpo -c httpheader.cpp  -fno-common -DPIC -o .libs/libtntnet_la-httpheader.o
libtool: compile:  g++ -DHAVE_CONFIG_H -I. -I/usr/local/tntnet/2.2rc3/include -Wno-long-long -Wall -pedantic -DPKGLIBDIR=\"/usr/local/tntnet/2.2rc3/lib/tntnet\" -g -O2 -MT libtntnet_la-httpheader.lo -MD -MP -MF .deps/libtntnet_la-httpheader.Tpo -c httpheader.cpp -o libtntnet_la-httpheader.o >/dev/null 2>&1
mv -f .deps/libtntnet_la-httpheader.Tpo .deps/libtntnet_la-httpheader.Plo
/bin/sh ../../libtool  --tag=CXX   --mode=compile g++ -DHAVE_CONFIG_H -I.   -I/usr/local/tntnet/2.2rc3/include -Wno-long-long -Wall -pedantic -DPKGLIBDIR=\"/usr/local/tntnet/2.2rc3/lib/tntnet\" -g -O2  -MT libtntnet_la-httpmessage.lo -MD -MP -MF .deps/libtntnet_la-httpmessage.Tpo -c -o libtntnet_la-httpmessage.lo `test -f 'httpmessage.cpp' || echo './'`httpmessage.cpp
libtool: compile:  g++ -DHAVE_CONFIG_H -I. -I/usr/local/tntnet/2.2rc3/include -Wno-long-long -Wall -pedantic -DPKGLIBDIR=\"/usr/local/tntnet/2.2rc3/lib/tntnet\" -g -O2 -MT libtntnet_la-httpmessage.lo -MD -MP -MF .deps/libtntnet_la-httpmessage.Tpo -c httpmessage.cpp  -fno-common -DPIC -o .libs/libtntnet_la-httpmessage.o
libtool: compile:  g++ -DHAVE_CONFIG_H -I. -I/usr/local/tntnet/2.2rc3/include -Wno-long-long -Wall -pedantic -DPKGLIBDIR=\"/usr/local/tntnet/2.2rc3/lib/tntnet\" -g -O2 -MT libtntnet_la-httpmessage.lo -MD -MP -MF .deps/libtntnet_la-httpmessage.Tpo -c httpmessage.cpp -o libtntnet_la-httpmessage.o >/dev/null 2>&1
mv -f .deps/libtntnet_la-httpmessage.Tpo .deps/libtntnet_la-httpmessage.Plo
/bin/sh ../../libtool  --tag=CXX   --mode=compile g++ -DHAVE_CONFIG_H -I.   -I/usr/local/tntnet/2.2rc3/include -Wno-long-long -Wall -pedantic -DPKGLIBDIR=\"/usr/local/tntnet/2.2rc3/lib/tntnet\" -g -O2  -MT libtntnet_la-httpparser.lo -MD -MP -MF .deps/libtntnet_la-httpparser.Tpo -c -o libtntnet_la-httpparser.lo `test -f 'httpparser.cpp' || echo './'`httpparser.cpp
libtool: compile:  g++ -DHAVE_CONFIG_H -I. -I/usr/local/tntnet/2.2rc3/include -Wno-long-long -Wall -pedantic -DPKGLIBDIR=\"/usr/local/tntnet/2.2rc3/lib/tntnet\" -g -O2 -MT libtntnet_la-httpparser.lo -MD -MP -MF .deps/libtntnet_la-httpparser.Tpo -c httpparser.cpp  -fno-common -DPIC -o .libs/libtntnet_la-httpparser.o
libtool: compile:  g++ -DHAVE_CONFIG_H -I. -I/usr/local/tntnet/2.2rc3/include -Wno-long-long -Wall -pedantic -DPKGLIBDIR=\"/usr/local/tntnet/2.2rc3/lib/tntnet\" -g -O2 -MT libtntnet_la-httpparser.lo -MD -MP -MF .deps/libtntnet_la-httpparser.Tpo -c httpparser.cpp -o libtntnet_la-httpparser.o >/dev/null 2>&1
mv -f .deps/libtntnet_la-httpparser.Tpo .deps/libtntnet_la-httpparser.Plo
/bin/sh ../../libtool  --tag=CXX   --mode=compile g++ -DHAVE_CONFIG_H -I.   -I/usr/local/tntnet/2.2rc3/include -Wno-long-long -Wall -pedantic -DPKGLIBDIR=\"/usr/local/tntnet/2.2rc3/lib/tntnet\" -g -O2  -MT libtntnet_la-httprequest.lo -MD -MP -MF .deps/libtntnet_la-httprequest.Tpo -c -o libtntnet_la-httprequest.lo `test -f 'httprequest.cpp' || echo './'`httprequest.cpp
libtool: compile:  g++ -DHAVE_CONFIG_H -I. -I/usr/local/tntnet/2.2rc3/include -Wno-long-long -Wall -pedantic -DPKGLIBDIR=\"/usr/local/tntnet/2.2rc3/lib/tntnet\" -g -O2 -MT libtntnet_la-httprequest.lo -MD -MP -MF .deps/libtntnet_la-httprequest.Tpo -c httprequest.cpp  -fno-common -DPIC -o .libs/libtntnet_la-httprequest.o
libtool: compile:  g++ -DHAVE_CONFIG_H -I. -I/usr/local/tntnet/2.2rc3/include -Wno-long-long -Wall -pedantic -DPKGLIBDIR=\"/usr/local/tntnet/2.2rc3/lib/tntnet\" -g -O2 -MT libtntnet_la-httprequest.lo -MD -MP -MF .deps/libtntnet_la-httprequest.Tpo -c httprequest.cpp -o libtntnet_la-httprequest.o >/dev/null 2>&1
mv -f .deps/libtntnet_la-httprequest.Tpo .deps/libtntnet_la-httprequest.Plo
/bin/sh ../../libtool  --tag=CXX   --mode=compile g++ -DHAVE_CONFIG_H -I.   -I/usr/local/tntnet/2.2rc3/include -Wno-long-long -Wall -pedantic -DPKGLIBDIR=\"/usr/local/tntnet/2.2rc3/lib/tntnet\" -g -O2  -MT libtntnet_la-httpreply.lo -MD -MP -MF .deps/libtntnet_la-httpreply.Tpo -c -o libtntnet_la-httpreply.lo `test -f 'httpreply.cpp' || echo './'`httpreply.cpp
libtool: compile:  g++ -DHAVE_CONFIG_H -I. -I/usr/local/tntnet/2.2rc3/include -Wno-long-long -Wall -pedantic -DPKGLIBDIR=\"/usr/local/tntnet/2.2rc3/lib/tntnet\" -g -O2 -MT libtntnet_la-httpreply.lo -MD -MP -MF .deps/libtntnet_la-httpreply.Tpo -c httpreply.cpp  -fno-common -DPIC -o .libs/libtntnet_la-httpreply.o
libtool: compile:  g++ -DHAVE_CONFIG_H -I. -I/usr/local/tntnet/2.2rc3/include -Wno-long-long -Wall -pedantic -DPKGLIBDIR=\"/usr/local/tntnet/2.2rc3/lib/tntnet\" -g -O2 -MT libtntnet_la-httpreply.lo -MD -MP -MF .deps/libtntnet_la-httpreply.Tpo -c httpreply.cpp -o libtntnet_la-httpreply.o >/dev/null 2>&1
mv -f .deps/libtntnet_la-httpreply.Tpo .deps/libtntnet_la-httpreply.Plo
/bin/sh ../../libtool --tag=CC   --mode=compile gcc -DHAVE_CONFIG_H -I.   -I/usr/local/tntnet/2.2rc3/include -Wno-long-long -Wall -pedantic -DUSE_FILE32API -g -O2 -D_THREAD_SAFE  -MT ioapi.lo -MD -MP -MF .deps/ioapi.Tpo -c -o ioapi.lo ioapi.c
libtool: compile:  gcc -DHAVE_CONFIG_H -I. -I/usr/local/tntnet/2.2rc3/include -Wno-long-long -Wall -pedantic -DUSE_FILE32API -g -O2 -D_THREAD_SAFE -MT ioapi.lo -MD -MP -MF .deps/ioapi.Tpo -c ioapi.c  -fno-common -DPIC -o .libs/ioapi.o
libtool: compile:  gcc -DHAVE_CONFIG_H -I. -I/usr/local/tntnet/2.2rc3/include -Wno-long-long -Wall -pedantic -DUSE_FILE32API -g -O2 -D_THREAD_SAFE -MT ioapi.lo -MD -MP -MF .deps/ioapi.Tpo -c ioapi.c -o ioapi.o >/dev/null 2>&1
mv -f .deps/ioapi.Tpo .deps/ioapi.Plo
/bin/sh ../../libtool  --tag=CXX   --mode=compile g++ -DHAVE_CONFIG_H -I.   -I/usr/local/tntnet/2.2rc3/include -Wno-long-long -Wall -pedantic -DPKGLIBDIR=\"/usr/local/tntnet/2.2rc3/lib/tntnet\" -g -O2  -MT libtntnet_la-job.lo -MD -MP -MF .deps/libtntnet_la-job.Tpo -c -o libtntnet_la-job.lo `test -f 'job.cpp' || echo './'`job.cpp
libtool: compile:  g++ -DHAVE_CONFIG_H -I. -I/usr/local/tntnet/2.2rc3/include -Wno-long-long -Wall -pedantic -DPKGLIBDIR=\"/usr/local/tntnet/2.2rc3/lib/tntnet\" -g -O2 -MT libtntnet_la-job.lo -MD -MP -MF .deps/libtntnet_la-job.Tpo -c job.cpp  -fno-common -DPIC -o .libs/libtntnet_la-job.o
libtool: compile:  g++ -DHAVE_CONFIG_H -I. -I/usr/local/tntnet/2.2rc3/include -Wno-long-long -Wall -pedantic -DPKGLIBDIR=\"/usr/local/tntnet/2.2rc3/lib/tntnet\" -g -O2 -MT libtntnet_la-job.lo -MD -MP -MF .deps/libtntnet_la-job.Tpo -c job.cpp -o libtntnet_la-job.o >/dev/null 2>&1
mv -f .deps/libtntnet_la-job.Tpo .deps/libtntnet_la-job.Plo
/bin/sh ../../libtool  --tag=CXX   --mode=compile g++ -DHAVE_CONFIG_H -I.   -I/usr/local/tntnet/2.2rc3/include -Wno-long-long -Wall -pedantic -DPKGLIBDIR=\"/usr/local/tntnet/2.2rc3/lib/tntnet\" -g -O2  -MT libtntnet_la-langlib.lo -MD -MP -MF .deps/libtntnet_la-langlib.Tpo -c -o libtntnet_la-langlib.lo `test -f 'langlib.cpp' || echo './'`langlib.cpp
libtool: compile:  g++ -DHAVE_CONFIG_H -I. -I/usr/local/tntnet/2.2rc3/include -Wno-long-long -Wall -pedantic -DPKGLIBDIR=\"/usr/local/tntnet/2.2rc3/lib/tntnet\" -g -O2 -MT libtntnet_la-langlib.lo -MD -MP -MF .deps/libtntnet_la-langlib.Tpo -c langlib.cpp  -fno-common -DPIC -o .libs/libtntnet_la-langlib.o
libtool: compile:  g++ -DHAVE_CONFIG_H -I. -I/usr/local/tntnet/2.2rc3/include -Wno-long-long -Wall -pedantic -DPKGLIBDIR=\"/usr/local/tntnet/2.2rc3/lib/tntnet\" -g -O2 -MT libtntnet_la-langlib.lo -MD -MP -MF .deps/libtntnet_la-langlib.Tpo -c langlib.cpp -o libtntnet_la-langlib.o >/dev/null 2>&1
mv -f .deps/libtntnet_la-langlib.Tpo .deps/libtntnet_la-langlib.Plo
/bin/sh ../../libtool  --tag=CXX   --mode=compile g++ -DHAVE_CONFIG_H -I.   -I/usr/local/tntnet/2.2rc3/include -Wno-long-long -Wall -pedantic -DPKGLIBDIR=\"/usr/local/tntnet/2.2rc3/lib/tntnet\" -g -O2  -MT libtntnet_la-listener.lo -MD -MP -MF .deps/libtntnet_la-listener.Tpo -c -o libtntnet_la-listener.lo `test -f 'listener.cpp' || echo './'`listener.cpp
libtool: compile:  g++ -DHAVE_CONFIG_H -I. -I/usr/local/tntnet/2.2rc3/include -Wno-long-long -Wall -pedantic -DPKGLIBDIR=\"/usr/local/tntnet/2.2rc3/lib/tntnet\" -g -O2 -MT libtntnet_la-listener.lo -MD -MP -MF .deps/libtntnet_la-listener.Tpo -c listener.cpp  -fno-common -DPIC -o .libs/libtntnet_la-listener.o
libtool: compile:  g++ -DHAVE_CONFIG_H -I. -I/usr/local/tntnet/2.2rc3/include -Wno-long-long -Wall -pedantic -DPKGLIBDIR=\"/usr/local/tntnet/2.2rc3/lib/tntnet\" -g -O2 -MT libtntnet_la-listener.lo -MD -MP -MF .deps/libtntnet_la-listener.Tpo -c listener.cpp -o libtntnet_la-listener.o >/dev/null 2>&1
mv -f .deps/libtntnet_la-listener.Tpo .deps/libtntnet_la-listener.Plo
/bin/sh ../../libtool  --tag=CXX   --mode=compile g++ -DHAVE_CONFIG_H -I.   -I/usr/local/tntnet/2.2rc3/include -Wno-long-long -Wall -pedantic -DPKGLIBDIR=\"/usr/local/tntnet/2.2rc3/lib/tntnet\" -g -O2  -MT libtntnet_la-mbcomponent.lo -MD -MP -MF .deps/libtntnet_la-mbcomponent.Tpo -c -o libtntnet_la-mbcomponent.lo `test -f 'mbcomponent.cpp' || echo './'`mbcomponent.cpp
libtool: compile:  g++ -DHAVE_CONFIG_H -I. -I/usr/local/tntnet/2.2rc3/include -Wno-long-long -Wall -pedantic -DPKGLIBDIR=\"/usr/local/tntnet/2.2rc3/lib/tntnet\" -g -O2 -MT libtntnet_la-mbcomponent.lo -MD -MP -MF .deps/libtntnet_la-mbcomponent.Tpo -c mbcomponent.cpp  -fno-common -DPIC -o .libs/libtntnet_la-mbcomponent.o
libtool: compile:  g++ -DHAVE_CONFIG_H -I. -I/usr/local/tntnet/2.2rc3/include -Wno-long-long -Wall -pedantic -DPKGLIBDIR=\"/usr/local/tntnet/2.2rc3/lib/tntnet\" -g -O2 -MT libtntnet_la-mbcomponent.lo -MD -MP -MF .deps/libtntnet_la-mbcomponent.Tpo -c mbcomponent.cpp -o libtntnet_la-mbcomponent.o >/dev/null 2>&1
mv -f .deps/libtntnet_la-mbcomponent.Tpo .deps/libtntnet_la-mbcomponent.Plo
/bin/sh ../../libtool  --tag=CXX   --mode=compile g++ -DHAVE_CONFIG_H -I.   -I/usr/local/tntnet/2.2rc3/include -Wno-long-long -Wall -pedantic -DPKGLIBDIR=\"/usr/local/tntnet/2.2rc3/lib/tntnet\" -g -O2  -MT libtntnet_la-messageattribute.lo -MD -MP -MF .deps/libtntnet_la-messageattribute.Tpo -c -o libtntnet_la-messageattribute.lo `test -f 'messageattribute.cpp' || echo './'`messageattribute.cpp
libtool: compile:  g++ -DHAVE_CONFIG_H -I. -I/usr/local/tntnet/2.2rc3/include -Wno-long-long -Wall -pedantic -DPKGLIBDIR=\"/usr/local/tntnet/2.2rc3/lib/tntnet\" -g -O2 -MT libtntnet_la-messageattribute.lo -MD -MP -MF .deps/libtntnet_la-messageattribute.Tpo -c messageattribute.cpp  -fno-common -DPIC -o .libs/libtntnet_la-messageattribute.o
libtool: compile:  g++ -DHAVE_CONFIG_H -I. -I/usr/local/tntnet/2.2rc3/include -Wno-long-long -Wall -pedantic -DPKGLIBDIR=\"/usr/local/tntnet/2.2rc3/lib/tntnet\" -g -O2 -MT libtntnet_la-messageattribute.lo -MD -MP -MF .deps/libtntnet_la-messageattribute.Tpo -c messageattribute.cpp -o libtntnet_la-messageattribute.o >/dev/null 2>&1
mv -f .deps/libtntnet_la-messageattribute.Tpo .deps/libtntnet_la-messageattribute.Plo
/bin/sh ../../libtool  --tag=CXX   --mode=compile g++ -DHAVE_CONFIG_H -I.   -I/usr/local/tntnet/2.2rc3/include -Wno-long-long -Wall -pedantic -DPKGLIBDIR=\"/usr/local/tntnet/2.2rc3/lib/tntnet\" -g -O2  -MT libtntnet_la-messageheader.lo -MD -MP -MF .deps/libtntnet_la-messageheader.Tpo -c -o libtntnet_la-messageheader.lo `test -f 'messageheader.cpp' || echo './'`messageheader.cpp
libtool: compile:  g++ -DHAVE_CONFIG_H -I. -I/usr/local/tntnet/2.2rc3/include -Wno-long-long -Wall -pedantic -DPKGLIBDIR=\"/usr/local/tntnet/2.2rc3/lib/tntnet\" -g -O2 -MT libtntnet_la-messageheader.lo -MD -MP -MF .deps/libtntnet_la-messageheader.Tpo -c messageheader.cpp  -fno-common -DPIC -o .libs/libtntnet_la-messageheader.o
libtool: compile:  g++ -DHAVE_CONFIG_H -I. -I/usr/local/tntnet/2.2rc3/include -Wno-long-long -Wall -pedantic -DPKGLIBDIR=\"/usr/local/tntnet/2.2rc3/lib/tntnet\" -g -O2 -MT libtntnet_la-messageheader.lo -MD -MP -MF .deps/libtntnet_la-messageheader.Tpo -c messageheader.cpp -o libtntnet_la-messageheader.o >/dev/null 2>&1
mv -f .deps/libtntnet_la-messageheader.Tpo .deps/libtntnet_la-messageheader.Plo
/bin/sh ../../libtool  --tag=CXX   --mode=compile g++ -DHAVE_CONFIG_H -I.   -I/usr/local/tntnet/2.2rc3/include -Wno-long-long -Wall -pedantic -DPKGLIBDIR=\"/usr/local/tntnet/2.2rc3/lib/tntnet\" -g -O2  -MT libtntnet_la-messageheaderparser.lo -MD -MP -MF .deps/libtntnet_la-messageheaderparser.Tpo -c -o libtntnet_la-messageheaderparser.lo `test -f 'messageheaderparser.cpp' || echo './'`messageheaderparser.cpp
libtool: compile:  g++ -DHAVE_CONFIG_H -I. -I/usr/local/tntnet/2.2rc3/include -Wno-long-long -Wall -pedantic -DPKGLIBDIR=\"/usr/local/tntnet/2.2rc3/lib/tntnet\" -g -O2 -MT libtntnet_la-messageheaderparser.lo -MD -MP -MF .deps/libtntnet_la-messageheaderparser.Tpo -c messageheaderparser.cpp  -fno-common -DPIC -o .libs/libtntnet_la-messageheaderparser.o
libtool: compile:  g++ -DHAVE_CONFIG_H -I. -I/usr/local/tntnet/2.2rc3/include -Wno-long-long -Wall -pedantic -DPKGLIBDIR=\"/usr/local/tntnet/2.2rc3/lib/tntnet\" -g -O2 -MT libtntnet_la-messageheaderparser.lo -MD -MP -MF .deps/libtntnet_la-messageheaderparser.Tpo -c messageheaderparser.cpp -o libtntnet_la-messageheaderparser.o >/dev/null 2>&1
mv -f .deps/libtntnet_la-messageheaderparser.Tpo .deps/libtntnet_la-messageheaderparser.Plo
/bin/sh ../../libtool  --tag=CXX   --mode=compile g++ -DHAVE_CONFIG_H -I.   -I/usr/local/tntnet/2.2rc3/include -Wno-long-long -Wall -pedantic -DPKGLIBDIR=\"/usr/local/tntnet/2.2rc3/lib/tntnet\" -g -O2  -MT libtntnet_la-mimedb.lo -MD -MP -MF .deps/libtntnet_la-mimedb.Tpo -c -o libtntnet_la-mimedb.lo `test -f 'mimedb.cpp' || echo './'`mimedb.cpp
libtool: compile:  g++ -DHAVE_CONFIG_H -I. -I/usr/local/tntnet/2.2rc3/include -Wno-long-long -Wall -pedantic -DPKGLIBDIR=\"/usr/local/tntnet/2.2rc3/lib/tntnet\" -g -O2 -MT libtntnet_la-mimedb.lo -MD -MP -MF .deps/libtntnet_la-mimedb.Tpo -c mimedb.cpp  -fno-common -DPIC -o .libs/libtntnet_la-mimedb.o
libtool: compile:  g++ -DHAVE_CONFIG_H -I. -I/usr/local/tntnet/2.2rc3/include -Wno-long-long -Wall -pedantic -DPKGLIBDIR=\"/usr/local/tntnet/2.2rc3/lib/tntnet\" -g -O2 -MT libtntnet_la-mimedb.lo -MD -MP -MF .deps/libtntnet_la-mimedb.Tpo -c mimedb.cpp -o libtntnet_la-mimedb.o >/dev/null 2>&1
mv -f .deps/libtntnet_la-mimedb.Tpo .deps/libtntnet_la-mimedb.Plo
/bin/sh ../../libtool  --tag=CXX   --mode=compile g++ -DHAVE_CONFIG_H -I.   -I/usr/local/tntnet/2.2rc3/include -Wno-long-long -Wall -pedantic -DPKGLIBDIR=\"/usr/local/tntnet/2.2rc3/lib/tntnet\" -g -O2  -MT libtntnet_la-multipart.lo -MD -MP -MF .deps/libtntnet_la-multipart.Tpo -c -o libtntnet_la-multipart.lo `test -f 'multipart.cpp' || echo './'`multipart.cpp
libtool: compile:  g++ -DHAVE_CONFIG_H -I. -I/usr/local/tntnet/2.2rc3/include -Wno-long-long -Wall -pedantic -DPKGLIBDIR=\"/usr/local/tntnet/2.2rc3/lib/tntnet\" -g -O2 -MT libtntnet_la-multipart.lo -MD -MP -MF .deps/libtntnet_la-multipart.Tpo -c multipart.cpp  -fno-common -DPIC -o .libs/libtntnet_la-multipart.o
libtool: compile:  g++ -DHAVE_CONFIG_H -I. -I/usr/local/tntnet/2.2rc3/include -Wno-long-long -Wall -pedantic -DPKGLIBDIR=\"/usr/local/tntnet/2.2rc3/lib/tntnet\" -g -O2 -MT libtntnet_la-multipart.lo -MD -MP -MF .deps/libtntnet_la-multipart.Tpo -c multipart.cpp -o libtntnet_la-multipart.o >/dev/null 2>&1
mv -f .deps/libtntnet_la-multipart.Tpo .deps/libtntnet_la-multipart.Plo
/bin/sh ../../libtool  --tag=CXX   --mode=compile g++ -DHAVE_CONFIG_H -I.   -I/usr/local/tntnet/2.2rc3/include -Wno-long-long -Wall -pedantic -DPKGLIBDIR=\"/usr/local/tntnet/2.2rc3/lib/tntnet\" -g -O2  -MT libtntnet_la-poller.lo -MD -MP -MF .deps/libtntnet_la-poller.Tpo -c -o libtntnet_la-poller.lo `test -f 'poller.cpp' || echo './'`poller.cpp
libtool: compile:  g++ -DHAVE_CONFIG_H -I. -I/usr/local/tntnet/2.2rc3/include -Wno-long-long -Wall -pedantic -DPKGLIBDIR=\"/usr/local/tntnet/2.2rc3/lib/tntnet\" -g -O2 -MT libtntnet_la-poller.lo -MD -MP -MF .deps/libtntnet_la-poller.Tpo -c poller.cpp  -fno-common -DPIC -o .libs/libtntnet_la-poller.o
libtool: compile:  g++ -DHAVE_CONFIG_H -I. -I/usr/local/tntnet/2.2rc3/include -Wno-long-long -Wall -pedantic -DPKGLIBDIR=\"/usr/local/tntnet/2.2rc3/lib/tntnet\" -g -O2 -MT libtntnet_la-poller.lo -MD -MP -MF .deps/libtntnet_la-poller.Tpo -c poller.cpp -o libtntnet_la-poller.o >/dev/null 2>&1
mv -f .deps/libtntnet_la-poller.Tpo .deps/libtntnet_la-poller.Plo
/bin/sh ../../libtool  --tag=CXX   --mode=compile g++ -DHAVE_CONFIG_H -I.   -I/usr/local/tntnet/2.2rc3/include -Wno-long-long -Wall -pedantic -DPKGLIBDIR=\"/usr/local/tntnet/2.2rc3/lib/tntnet\" -g -O2  -MT libtntnet_la-savepoint.lo -MD -MP -MF .deps/libtntnet_la-savepoint.Tpo -c -o libtntnet_la-savepoint.lo `test -f 'savepoint.cpp' || echo './'`savepoint.cpp
libtool: compile:  g++ -DHAVE_CONFIG_H -I. -I/usr/local/tntnet/2.2rc3/include -Wno-long-long -Wall -pedantic -DPKGLIBDIR=\"/usr/local/tntnet/2.2rc3/lib/tntnet\" -g -O2 -MT libtntnet_la-savepoint.lo -MD -MP -MF .deps/libtntnet_la-savepoint.Tpo -c savepoint.cpp  -fno-common -DPIC -o .libs/libtntnet_la-savepoint.o
libtool: compile:  g++ -DHAVE_CONFIG_H -I. -I/usr/local/tntnet/2.2rc3/include -Wno-long-long -Wall -pedantic -DPKGLIBDIR=\"/usr/local/tntnet/2.2rc3/lib/tntnet\" -g -O2 -MT libtntnet_la-savepoint.lo -MD -MP -MF .deps/libtntnet_la-savepoint.Tpo -c savepoint.cpp -o libtntnet_la-savepoint.o >/dev/null 2>&1
mv -f .deps/libtntnet_la-savepoint.Tpo .deps/libtntnet_la-savepoint.Plo
/bin/sh ../../libtool  --tag=CXX   --mode=compile g++ -DHAVE_CONFIG_H -I.   -I/usr/local/tntnet/2.2rc3/include -Wno-long-long -Wall -pedantic -DPKGLIBDIR=\"/usr/local/tntnet/2.2rc3/lib/tntnet\" -g -O2  -MT libtntnet_la-scope.lo -MD -MP -MF .deps/libtntnet_la-scope.Tpo -c -o libtntnet_la-scope.lo `test -f 'scope.cpp' || echo './'`scope.cpp
libtool: compile:  g++ -DHAVE_CONFIG_H -I. -I/usr/local/tntnet/2.2rc3/include -Wno-long-long -Wall -pedantic -DPKGLIBDIR=\"/usr/local/tntnet/2.2rc3/lib/tntnet\" -g -O2 -MT libtntnet_la-scope.lo -MD -MP -MF .deps/libtntnet_la-scope.Tpo -c scope.cpp  -fno-common -DPIC -o .libs/libtntnet_la-scope.o
libtool: compile:  g++ -DHAVE_CONFIG_H -I. -I/usr/local/tntnet/2.2rc3/include -Wno-long-long -Wall -pedantic -DPKGLIBDIR=\"/usr/local/tntnet/2.2rc3/lib/tntnet\" -g -O2 -MT libtntnet_la-scope.lo -MD -MP -MF .deps/libtntnet_la-scope.Tpo -c scope.cpp -o libtntnet_la-scope.o >/dev/null 2>&1
mv -f .deps/libtntnet_la-scope.Tpo .deps/libtntnet_la-scope.Plo
/bin/sh ../../libtool  --tag=CXX   --mode=compile g++ -DHAVE_CONFIG_H -I.   -I/usr/local/tntnet/2.2rc3/include -Wno-long-long -Wall -pedantic -DPKGLIBDIR=\"/usr/local/tntnet/2.2rc3/lib/tntnet\" -g -O2  -MT libtntnet_la-scopemanager.lo -MD -MP -MF .deps/libtntnet_la-scopemanager.Tpo -c -o libtntnet_la-scopemanager.lo `test -f 'scopemanager.cpp' || echo './'`scopemanager.cpp
libtool: compile:  g++ -DHAVE_CONFIG_H -I. -I/usr/local/tntnet/2.2rc3/include -Wno-long-long -Wall -pedantic -DPKGLIBDIR=\"/usr/local/tntnet/2.2rc3/lib/tntnet\" -g -O2 -MT libtntnet_la-scopemanager.lo -MD -MP -MF .deps/libtntnet_la-scopemanager.Tpo -c scopemanager.cpp  -fno-common -DPIC -o .libs/libtntnet_la-scopemanager.o
libtool: compile:  g++ -DHAVE_CONFIG_H -I. -I/usr/local/tntnet/2.2rc3/include -Wno-long-long -Wall -pedantic -DPKGLIBDIR=\"/usr/local/tntnet/2.2rc3/lib/tntnet\" -g -O2 -MT libtntnet_la-scopemanager.lo -MD -MP -MF .deps/libtntnet_la-scopemanager.Tpo -c scopemanager.cpp -o libtntnet_la-scopemanager.o >/dev/null 2>&1
mv -f .deps/libtntnet_la-scopemanager.Tpo .deps/libtntnet_la-scopemanager.Plo
/bin/sh ../../libtool  --tag=CXX   --mode=compile g++ -DHAVE_CONFIG_H -I.   -I/usr/local/tntnet/2.2rc3/include -Wno-long-long -Wall -pedantic -DPKGLIBDIR=\"/usr/local/tntnet/2.2rc3/lib/tntnet\" -g -O2  -MT libtntnet_la-stringlessignorecase.lo -MD -MP -MF .deps/libtntnet_la-stringlessignorecase.Tpo -c -o libtntnet_la-stringlessignorecase.lo `test -f 'stringlessignorecase.cpp' || echo './'`stringlessignorecase.cpp
libtool: compile:  g++ -DHAVE_CONFIG_H -I. -I/usr/local/tntnet/2.2rc3/include -Wno-long-long -Wall -pedantic -DPKGLIBDIR=\"/usr/local/tntnet/2.2rc3/lib/tntnet\" -g -O2 -MT libtntnet_la-stringlessignorecase.lo -MD -MP -MF .deps/libtntnet_la-stringlessignorecase.Tpo -c stringlessignorecase.cpp  -fno-common -DPIC -o .libs/libtntnet_la-stringlessignorecase.o
libtool: compile:  g++ -DHAVE_CONFIG_H -I. -I/usr/local/tntnet/2.2rc3/include -Wno-long-long -Wall -pedantic -DPKGLIBDIR=\"/usr/local/tntnet/2.2rc3/lib/tntnet\" -g -O2 -MT libtntnet_la-stringlessignorecase.lo -MD -MP -MF .deps/libtntnet_la-stringlessignorecase.Tpo -c stringlessignorecase.cpp -o libtntnet_la-stringlessignorecase.o >/dev/null 2>&1
mv -f .deps/libtntnet_la-stringlessignorecase.Tpo .deps/libtntnet_la-stringlessignorecase.Plo
/bin/sh ../../libtool  --tag=CXX   --mode=compile g++ -DHAVE_CONFIG_H -I.   -I/usr/local/tntnet/2.2rc3/include -Wno-long-long -Wall -pedantic -DPKGLIBDIR=\"/usr/local/tntnet/2.2rc3/lib/tntnet\" -g -O2  -MT libtntnet_la-tntconfig.lo -MD -MP -MF .deps/libtntnet_la-tntconfig.Tpo -c -o libtntnet_la-tntconfig.lo `test -f 'tntconfig.cpp' || echo './'`tntconfig.cpp
libtool: compile:  g++ -DHAVE_CONFIG_H -I. -I/usr/local/tntnet/2.2rc3/include -Wno-long-long -Wall -pedantic -DPKGLIBDIR=\"/usr/local/tntnet/2.2rc3/lib/tntnet\" -g -O2 -MT libtntnet_la-tntconfig.lo -MD -MP -MF .deps/libtntnet_la-tntconfig.Tpo -c tntconfig.cpp  -fno-common -DPIC -o .libs/libtntnet_la-tntconfig.o
libtool: compile:  g++ -DHAVE_CONFIG_H -I. -I/usr/local/tntnet/2.2rc3/include -Wno-long-long -Wall -pedantic -DPKGLIBDIR=\"/usr/local/tntnet/2.2rc3/lib/tntnet\" -g -O2 -MT libtntnet_la-tntconfig.lo -MD -MP -MF .deps/libtntnet_la-tntconfig.Tpo -c tntconfig.cpp -o libtntnet_la-tntconfig.o >/dev/null 2>&1
mv -f .deps/libtntnet_la-tntconfig.Tpo .deps/libtntnet_la-tntconfig.Plo
/bin/sh ../../libtool  --tag=CXX   --mode=compile g++ -DHAVE_CONFIG_H -I.   -I/usr/local/tntnet/2.2rc3/include -Wno-long-long -Wall -pedantic -DPKGLIBDIR=\"/usr/local/tntnet/2.2rc3/lib/tntnet\" -g -O2  -MT libtntnet_la-tntnet.lo -MD -MP -MF .deps/libtntnet_la-tntnet.Tpo -c -o libtntnet_la-tntnet.lo `test -f 'tntnet.cpp' || echo './'`tntnet.cpp
libtool: compile:  g++ -DHAVE_CONFIG_H -I. -I/usr/local/tntnet/2.2rc3/include -Wno-long-long -Wall -pedantic -DPKGLIBDIR=\"/usr/local/tntnet/2.2rc3/lib/tntnet\" -g -O2 -MT libtntnet_la-tntnet.lo -MD -MP -MF .deps/libtntnet_la-tntnet.Tpo -c tntnet.cpp  -fno-common -DPIC -o .libs/libtntnet_la-tntnet.o
libtool: compile:  g++ -DHAVE_CONFIG_H -I. -I/usr/local/tntnet/2.2rc3/include -Wno-long-long -Wall -pedantic -DPKGLIBDIR=\"/usr/local/tntnet/2.2rc3/lib/tntnet\" -g -O2 -MT libtntnet_la-tntnet.lo -MD -MP -MF .deps/libtntnet_la-tntnet.Tpo -c tntnet.cpp -o libtntnet_la-tntnet.o >/dev/null 2>&1
mv -f .deps/libtntnet_la-tntnet.Tpo .deps/libtntnet_la-tntnet.Plo
/bin/sh ../../libtool --tag=CC   --mode=compile gcc -DHAVE_CONFIG_H -I.   -I/usr/local/tntnet/2.2rc3/include -Wno-long-long -Wall -pedantic -DUSE_FILE32API -g -O2 -D_THREAD_SAFE  -MT unzip.lo -MD -MP -MF .deps/unzip.Tpo -c -o unzip.lo unzip.c
libtool: compile:  gcc -DHAVE_CONFIG_H -I. -I/usr/local/tntnet/2.2rc3/include -Wno-long-long -Wall -pedantic -DUSE_FILE32API -g -O2 -D_THREAD_SAFE -MT unzip.lo -MD -MP -MF .deps/unzip.Tpo -c unzip.c  -fno-common -DPIC -o .libs/unzip.o
libtool: compile:  gcc -DHAVE_CONFIG_H -I. -I/usr/local/tntnet/2.2rc3/include -Wno-long-long -Wall -pedantic -DUSE_FILE32API -g -O2 -D_THREAD_SAFE -MT unzip.lo -MD -MP -MF .deps/unzip.Tpo -c unzip.c -o unzip.o >/dev/null 2>&1
mv -f .deps/unzip.Tpo .deps/unzip.Plo
/bin/sh ../../libtool  --tag=CXX   --mode=compile g++ -DHAVE_CONFIG_H -I.   -I/usr/local/tntnet/2.2rc3/include -Wno-long-long -Wall -pedantic -DPKGLIBDIR=\"/usr/local/tntnet/2.2rc3/lib/tntnet\" -g -O2  -MT libtntnet_la-unzipfile.lo -MD -MP -MF .deps/libtntnet_la-unzipfile.Tpo -c -o libtntnet_la-unzipfile.lo `test -f 'unzipfile.cpp' || echo './'`unzipfile.cpp
libtool: compile:  g++ -DHAVE_CONFIG_H -I. -I/usr/local/tntnet/2.2rc3/include -Wno-long-long -Wall -pedantic -DPKGLIBDIR=\"/usr/local/tntnet/2.2rc3/lib/tntnet\" -g -O2 -MT libtntnet_la-unzipfile.lo -MD -MP -MF .deps/libtntnet_la-unzipfile.Tpo -c unzipfile.cpp  -fno-common -DPIC -o .libs/libtntnet_la-unzipfile.o
libtool: compile:  g++ -DHAVE_CONFIG_H -I. -I/usr/local/tntnet/2.2rc3/include -Wno-long-long -Wall -pedantic -DPKGLIBDIR=\"/usr/local/tntnet/2.2rc3/lib/tntnet\" -g -O2 -MT libtntnet_la-unzipfile.lo -MD -MP -MF .deps/libtntnet_la-unzipfile.Tpo -c unzipfile.cpp -o libtntnet_la-unzipfile.o >/dev/null 2>&1
mv -f .deps/libtntnet_la-unzipfile.Tpo .deps/libtntnet_la-unzipfile.Plo
/bin/sh ../../libtool  --tag=CXX   --mode=compile g++ -DHAVE_CONFIG_H -I.   -I/usr/local/tntnet/2.2rc3/include -Wno-long-long -Wall -pedantic -DPKGLIBDIR=\"/usr/local/tntnet/2.2rc3/lib/tntnet\" -g -O2  -MT libtntnet_la-urlescostream.lo -MD -MP -MF .deps/libtntnet_la-urlescostream.Tpo -c -o libtntnet_la-urlescostream.lo `test -f 'urlescostream.cpp' || echo './'`urlescostream.cpp
libtool: compile:  g++ -DHAVE_CONFIG_H -I. -I/usr/local/tntnet/2.2rc3/include -Wno-long-long -Wall -pedantic -DPKGLIBDIR=\"/usr/local/tntnet/2.2rc3/lib/tntnet\" -g -O2 -MT libtntnet_la-urlescostream.lo -MD -MP -MF .deps/libtntnet_la-urlescostream.Tpo -c urlescostream.cpp  -fno-common -DPIC -o .libs/libtntnet_la-urlescostream.o
libtool: compile:  g++ -DHAVE_CONFIG_H -I. -I/usr/local/tntnet/2.2rc3/include -Wno-long-long -Wall -pedantic -DPKGLIBDIR=\"/usr/local/tntnet/2.2rc3/lib/tntnet\" -g -O2 -MT libtntnet_la-urlescostream.lo -MD -MP -MF .deps/libtntnet_la-urlescostream.Tpo -c urlescostream.cpp -o libtntnet_la-urlescostream.o >/dev/null 2>&1
mv -f .deps/libtntnet_la-urlescostream.Tpo .deps/libtntnet_la-urlescostream.Plo
/bin/sh ../../libtool  --tag=CXX   --mode=compile g++ -DHAVE_CONFIG_H -I.   -I/usr/local/tntnet/2.2rc3/include -Wno-long-long -Wall -pedantic -DPKGLIBDIR=\"/usr/local/tntnet/2.2rc3/lib/tntnet\" -g -O2  -MT libtntnet_la-urlmapper.lo -MD -MP -MF .deps/libtntnet_la-urlmapper.Tpo -c -o libtntnet_la-urlmapper.lo `test -f 'urlmapper.cpp' || echo './'`urlmapper.cpp
libtool: compile:  g++ -DHAVE_CONFIG_H -I. -I/usr/local/tntnet/2.2rc3/include -Wno-long-long -Wall -pedantic -DPKGLIBDIR=\"/usr/local/tntnet/2.2rc3/lib/tntnet\" -g -O2 -MT libtntnet_la-urlmapper.lo -MD -MP -MF .deps/libtntnet_la-urlmapper.Tpo -c urlmapper.cpp  -fno-common -DPIC -o .libs/libtntnet_la-urlmapper.o
libtool: compile:  g++ -DHAVE_CONFIG_H -I. -I/usr/local/tntnet/2.2rc3/include -Wno-long-long -Wall -pedantic -DPKGLIBDIR=\"/usr/local/tntnet/2.2rc3/lib/tntnet\" -g -O2 -MT libtntnet_la-urlmapper.lo -MD -MP -MF .deps/libtntnet_la-urlmapper.Tpo -c urlmapper.cpp -o libtntnet_la-urlmapper.o >/dev/null 2>&1
mv -f .deps/libtntnet_la-urlmapper.Tpo .deps/libtntnet_la-urlmapper.Plo
/bin/sh ../../libtool  --tag=CXX   --mode=compile g++ -DHAVE_CONFIG_H -I.   -I/usr/local/tntnet/2.2rc3/include -Wno-long-long -Wall -pedantic -DPKGLIBDIR=\"/usr/local/tntnet/2.2rc3/lib/tntnet\" -g -O2  -MT libtntnet_la-util.lo -MD -MP -MF .deps/libtntnet_la-util.Tpo -c -o libtntnet_la-util.lo `test -f 'util.cpp' || echo './'`util.cpp
libtool: compile:  g++ -DHAVE_CONFIG_H -I. -I/usr/local/tntnet/2.2rc3/include -Wno-long-long -Wall -pedantic -DPKGLIBDIR=\"/usr/local/tntnet/2.2rc3/lib/tntnet\" -g -O2 -MT libtntnet_la-util.lo -MD -MP -MF .deps/libtntnet_la-util.Tpo -c util.cpp  -fno-common -DPIC -o .libs/libtntnet_la-util.o
libtool: compile:  g++ -DHAVE_CONFIG_H -I. -I/usr/local/tntnet/2.2rc3/include -Wno-long-long -Wall -pedantic -DPKGLIBDIR=\"/usr/local/tntnet/2.2rc3/lib/tntnet\" -g -O2 -MT libtntnet_la-util.lo -MD -MP -MF .deps/libtntnet_la-util.Tpo -c util.cpp -o libtntnet_la-util.o >/dev/null 2>&1
mv -f .deps/libtntnet_la-util.Tpo .deps/libtntnet_la-util.Plo
/bin/sh ../../libtool  --tag=CXX   --mode=compile g++ -DHAVE_CONFIG_H -I.   -I/usr/local/tntnet/2.2rc3/include -Wno-long-long -Wall -pedantic -DPKGLIBDIR=\"/usr/local/tntnet/2.2rc3/lib/tntnet\" -g -O2  -MT libtntnet_la-worker.lo -MD -MP -MF .deps/libtntnet_la-worker.Tpo -c -o libtntnet_la-worker.lo `test -f 'worker.cpp' || echo './'`worker.cpp
libtool: compile:  g++ -DHAVE_CONFIG_H -I. -I/usr/local/tntnet/2.2rc3/include -Wno-long-long -Wall -pedantic -DPKGLIBDIR=\"/usr/local/tntnet/2.2rc3/lib/tntnet\" -g -O2 -MT libtntnet_la-worker.lo -MD -MP -MF .deps/libtntnet_la-worker.Tpo -c worker.cpp  -fno-common -DPIC -o .libs/libtntnet_la-worker.o
libtool: compile:  g++ -DHAVE_CONFIG_H -I. -I/usr/local/tntnet/2.2rc3/include -Wno-long-long -Wall -pedantic -DPKGLIBDIR=\"/usr/local/tntnet/2.2rc3/lib/tntnet\" -g -O2 -MT libtntnet_la-worker.lo -MD -MP -MF .deps/libtntnet_la-worker.Tpo -c worker.cpp -o libtntnet_la-worker.o >/dev/null 2>&1
mv -f .deps/libtntnet_la-worker.Tpo .deps/libtntnet_la-worker.Plo
/bin/sh ../../libtool  --tag=CXX   --mode=compile g++ -DHAVE_CONFIG_H -I.   -I/usr/local/tntnet/2.2rc3/include -Wno-long-long -Wall -pedantic -DPKGLIBDIR=\"/usr/local/tntnet/2.2rc3/lib/tntnet\" -g -O2  -MT libtntnet_la-zdata.lo -MD -MP -MF .deps/libtntnet_la-zdata.Tpo -c -o libtntnet_la-zdata.lo `test -f 'zdata.cpp' || echo './'`zdata.cpp
libtool: compile:  g++ -DHAVE_CONFIG_H -I. -I/usr/local/tntnet/2.2rc3/include -Wno-long-long -Wall -pedantic -DPKGLIBDIR=\"/usr/local/tntnet/2.2rc3/lib/tntnet\" -g -O2 -MT libtntnet_la-zdata.lo -MD -MP -MF .deps/libtntnet_la-zdata.Tpo -c zdata.cpp  -fno-common -DPIC -o .libs/libtntnet_la-zdata.o
libtool: compile:  g++ -DHAVE_CONFIG_H -I. -I/usr/local/tntnet/2.2rc3/include -Wno-long-long -Wall -pedantic -DPKGLIBDIR=\"/usr/local/tntnet/2.2rc3/lib/tntnet\" -g -O2 -MT libtntnet_la-zdata.lo -MD -MP -MF .deps/libtntnet_la-zdata.Tpo -c zdata.cpp -o libtntnet_la-zdata.o >/dev/null 2>&1
mv -f .deps/libtntnet_la-zdata.Tpo .deps/libtntnet_la-zdata.Plo
/bin/sh ../../libtool  --tag=CXX   --mode=compile g++ -DHAVE_CONFIG_H -I.   -I/usr/local/tntnet/2.2rc3/include -Wno-long-long -Wall -pedantic -DPKGLIBDIR=\"/usr/local/tntnet/2.2rc3/lib/tntnet\" -g -O2  -MT libtntnet_la-openssl.lo -MD -MP -MF .deps/libtntnet_la-openssl.Tpo -c -o libtntnet_la-openssl.lo `test -f 'openssl.cpp' || echo './'`openssl.cpp
libtool: compile:  g++ -DHAVE_CONFIG_H -I. -I/usr/local/tntnet/2.2rc3/include -Wno-long-long -Wall -pedantic -DPKGLIBDIR=\"/usr/local/tntnet/2.2rc3/lib/tntnet\" -g -O2 -MT libtntnet_la-openssl.lo -MD -MP -MF .deps/libtntnet_la-openssl.Tpo -c openssl.cpp  -fno-common -DPIC -o .libs/libtntnet_la-openssl.o
openssl.cpp: In function 'void tnt::<unnamed>::checkSslError()':
openssl.cpp:54: warning: 'ERR_get_error' is deprecated (declared at /usr/include/openssl/err.h:266)
openssl.cpp:54: warning: 'ERR_get_error' is deprecated (declared at /usr/include/openssl/err.h:266)
openssl.cpp:58: warning: 'ERR_error_string' is deprecated (declared at /usr/include/openssl/err.h:279)
openssl.cpp:58: warning: 'ERR_error_string' is deprecated (declared at /usr/include/openssl/err.h:279)
openssl.cpp: In function 'void tnt::thread_setup()':
openssl.cpp:96: warning: 'CRYPTO_num_locks' is deprecated (declared at /usr/include/openssl/crypto.h:415)
openssl.cpp:96: warning: 'CRYPTO_num_locks' is deprecated (declared at /usr/include/openssl/crypto.h:415)
openssl.cpp:98: warning: 'CRYPTO_set_id_callback' is deprecated (declared at /usr/include/openssl/crypto.h:425)
openssl.cpp:98: warning: 'CRYPTO_set_id_callback' is deprecated (declared at /usr/include/openssl/crypto.h:425)
openssl.cpp:99: warning: 'CRYPTO_set_locking_callback' is deprecated (declared at /usr/include/openssl/crypto.h:418)
openssl.cpp:99: warning: 'CRYPTO_set_locking_callback' is deprecated (declared at /usr/include/openssl/crypto.h:418)
openssl.cpp: In function 'void tnt::openssl_init()':
openssl.cpp:113: warning: 'SSL_load_error_strings' is deprecated (declared at /usr/include/openssl/ssl.h:1416)
openssl.cpp:113: warning: 'SSL_load_error_strings' is deprecated (declared at /usr/include/openssl/ssl.h:1416)
openssl.cpp:115: warning: 'SSL_library_init' is deprecated (declared at /usr/include/openssl/ssl.h:1553)
openssl.cpp:115: warning: 'SSL_library_init' is deprecated (declared at /usr/include/openssl/ssl.h:1553)
openssl.cpp: In member function 'void tnt::OpensslServer::installCertificates(const char*, const char*)':
openssl.cpp:127: warning: 'SSL_CTX_use_certificate_chain_file' is deprecated (declared at /usr/include/openssl/ssl.h:1403)
openssl.cpp:127: warning: 'SSL_CTX_use_certificate_chain_file' is deprecated (declared at /usr/include/openssl/ssl.h:1403)
openssl.cpp:131: warning: 'SSL_CTX_use_PrivateKey_file' is deprecated (declared at /usr/include/openssl/ssl.h:1401)
openssl.cpp:131: warning: 'SSL_CTX_use_PrivateKey_file' is deprecated (declared at /usr/include/openssl/ssl.h:1401)
openssl.cpp:135: warning: 'SSL_CTX_check_private_key' is deprecated (declared at /usr/include/openssl/ssl.h:1475)
openssl.cpp:135: warning: 'SSL_CTX_check_private_key' is deprecated (declared at /usr/include/openssl/ssl.h:1475)
openssl.cpp: In constructor 'tnt::OpensslServer::OpensslServer(const char*)':
openssl.cpp:146: warning: 'SSL_CTX_new' is deprecated (declared at /usr/include/openssl/ssl.h:1346)
openssl.cpp:146: warning: 'SSLv23_server_method' is deprecated (declared at /usr/include/openssl/ssl.h:1516)
openssl.cpp:146: warning: 'SSLv23_server_method' is deprecated (declared at /usr/include/openssl/ssl.h:1516)
openssl.cpp:146: warning: 'SSL_CTX_new' is deprecated (declared at /usr/include/openssl/ssl.h:1346)
openssl.cpp: In constructor 'tnt::OpensslServer::OpensslServer(const char*, const char*)':
openssl.cpp:157: warning: 'SSL_CTX_new' is deprecated (declared at /usr/include/openssl/ssl.h:1346)
openssl.cpp:157: warning: 'SSLv23_server_method' is deprecated (declared at /usr/include/openssl/ssl.h:1516)
openssl.cpp:157: warning: 'SSLv23_server_method' is deprecated (declared at /usr/include/openssl/ssl.h:1516)
openssl.cpp:157: warning: 'SSL_CTX_new' is deprecated (declared at /usr/include/openssl/ssl.h:1346)
openssl.cpp: In member function 'void tnt::SslCtxReleaser<ssl_ctx_st>::destroy(SSL_CTX*)':
openssl.cpp:166: warning: 'SSL_CTX_free' is deprecated (declared at /usr/include/openssl/ssl.h:1347)
openssl.cpp:166: warning: 'SSL_CTX_free' is deprecated (declared at /usr/include/openssl/ssl.h:1347)
openssl.cpp: In destructor 'virtual tnt::OpensslStream::~OpensslStream()':
openssl.cpp:199: warning: 'SSL_free' is deprecated (declared at /usr/include/openssl/ssl.h:1490)
openssl.cpp:199: warning: 'SSL_free' is deprecated (declared at /usr/include/openssl/ssl.h:1490)
openssl.cpp: In member function 'void tnt::OpensslStream::handshake(const tnt::OpensslServer&)':
openssl.cpp:214: warning: 'SSL_new' is deprecated (declared at /usr/include/openssl/ssl.h:1481)
openssl.cpp:214: warning: 'SSL_new' is deprecated (declared at /usr/include/openssl/ssl.h:1481)
openssl.cpp:218: warning: 'SSL_set_fd' is deprecated (declared at /usr/include/openssl/ssl.h:1370)
openssl.cpp:218: warning: 'SSL_set_fd' is deprecated (declared at /usr/include/openssl/ssl.h:1370)
openssl.cpp:221: warning: 'SSL_set_accept_state' is deprecated (declared at /usr/include/openssl/ssl.h:1549)
openssl.cpp:221: warning: 'SSL_set_accept_state' is deprecated (declared at /usr/include/openssl/ssl.h:1549)
openssl.cpp: In member function 'int tnt::OpensslStream::sslRead(char*, int) const':
openssl.cpp:240: warning: 'SSL_read' is deprecated (declared at /usr/include/openssl/ssl.h:1493)
openssl.cpp:240: warning: 'SSL_read' is deprecated (declared at /usr/include/openssl/ssl.h:1493)
openssl.cpp:247: warning: 'SSL_get_error' is deprecated (declared at /usr/include/openssl/ssl.h:1501)
openssl.cpp:247: warning: 'SSL_get_error' is deprecated (declared at /usr/include/openssl/ssl.h:1501)
openssl.cpp:260: warning: 'SSL_get_error' is deprecated (declared at /usr/include/openssl/ssl.h:1501)
openssl.cpp:260: warning: 'SSL_get_error' is deprecated (declared at /usr/include/openssl/ssl.h:1501)
openssl.cpp:264: warning: 'SSL_read' is deprecated (declared at /usr/include/openssl/ssl.h:1493)
openssl.cpp:264: warning: 'SSL_read' is deprecated (declared at /usr/include/openssl/ssl.h:1493)
openssl.cpp:269: warning: 'SSL_get_error' is deprecated (declared at /usr/include/openssl/ssl.h:1501)
openssl.cpp:269: warning: 'SSL_get_error' is deprecated (declared at /usr/include/openssl/ssl.h:1501)
openssl.cpp: In member function 'int tnt::OpensslStream::sslWrite(const char*, int) const':
openssl.cpp:289: warning: 'SSL_write' is deprecated (declared at /usr/include/openssl/ssl.h:1495)
openssl.cpp:289: warning: 'SSL_write' is deprecated (declared at /usr/include/openssl/ssl.h:1495)
openssl.cpp:299: warning: 'SSL_get_error' is deprecated (declared at /usr/include/openssl/ssl.h:1501)
openssl.cpp:299: warning: 'SSL_get_error' is deprecated (declared at /usr/include/openssl/ssl.h:1501)
openssl.cpp: In member function 'void tnt::OpensslStream::shutdown() const':
openssl.cpp:327: warning: 'SSL_shutdown' is deprecated (declared at /usr/include/openssl/ssl.h:1532)
openssl.cpp:327: warning: 'SSL_shutdown' is deprecated (declared at /usr/include/openssl/ssl.h:1532)
openssl.cpp:331: warning: 'SSL_get_error' is deprecated (declared at /usr/include/openssl/ssl.h:1501)
openssl.cpp:331: warning: 'SSL_get_error' is deprecated (declared at /usr/include/openssl/ssl.h:1501)
openssl.cpp:347: warning: 'SSL_shutdown' is deprecated (declared at /usr/include/openssl/ssl.h:1532)
openssl.cpp:347: warning: 'SSL_shutdown' is deprecated (declared at /usr/include/openssl/ssl.h:1532)
openssl.cpp:353: warning: 'SSL_get_error' is deprecated (declared at /usr/include/openssl/ssl.h:1501)
openssl.cpp:353: warning: 'SSL_get_error' is deprecated (declared at /usr/include/openssl/ssl.h:1501)
libtool: compile:  g++ -DHAVE_CONFIG_H -I. -I/usr/local/tntnet/2.2rc3/include -Wno-long-long -Wall -pedantic -DPKGLIBDIR=\"/usr/local/tntnet/2.2rc3/lib/tntnet\" -g -O2 -MT libtntnet_la-openssl.lo -MD -MP -MF .deps/libtntnet_la-openssl.Tpo -c openssl.cpp -o libtntnet_la-openssl.o >/dev/null 2>&1
mv -f .deps/libtntnet_la-openssl.Tpo .deps/libtntnet_la-openssl.Plo
/bin/sh ../../libtool --tag=CXX   --mode=link g++ -DPKGLIBDIR=\"/usr/local/tntnet/2.2rc3/lib/tntnet\" -g -O2  -version-info 11:0:0 -dynamiclib  -o libtntnet.la -rpath /usr/local/tntnet/2.2rc3/lib libtntnet_la-backgroundworker.lo libtntnet_la-cmd.lo libtntnet_la-compident.lo libtntnet_la-comploader.lo libtntnet_la-component.lo libtntnet_la-componentfactory.lo libtntnet_la-contentdisposition.lo libtntnet_la-contenttype.lo libtntnet_la-convert.lo libtntnet_la-cookie.lo libtntnet_la-deflatestream.lo libtntnet_la-dispatcher.lo libtntnet_la-ecpp.lo libtntnet_la-encoding.lo libtntnet_la-htmlescostream.lo libtntnet_la-http.lo libtntnet_la-httperror.lo libtntnet_la-httpheader.lo libtntnet_la-httpmessage.lo libtntnet_la-httpparser.lo libtntnet_la-httprequest.lo libtntnet_la-httpreply.lo ioapi.lo libtntnet_la-job.lo libtntnet_la-langlib.lo libtntnet_la-listener.lo libtntnet_la-mbcomponent.lo libtntnet_la-messageattribute.lo libtntnet_la-messageheader.lo libtntnet_la-messageheaderparser.lo libtntnet_la-mimedb.lo libtntnet_la-multipart.lo libtntnet_la-poller.lo libtntnet_la-savepoint.lo libtntnet_la-scope.lo libtntnet_la-scopemanager.lo libtntnet_la-stringlessignorecase.lo libtntnet_la-tntconfig.lo libtntnet_la-tntnet.lo unzip.lo libtntnet_la-unzipfile.lo libtntnet_la-urlescostream.lo libtntnet_la-urlmapper.lo libtntnet_la-util.lo libtntnet_la-worker.lo libtntnet_la-zdata.lo  libtntnet_la-openssl.lo  -lz -lcxxtools  -lssl -lcrypto -lpthread 
libtool: link: g++ -dynamiclib -Wl,-undefined -Wl,dynamic_lookup -o .libs/libtntnet.11.dylib  .libs/libtntnet_la-backgroundworker.o .libs/libtntnet_la-cmd.o .libs/libtntnet_la-compident.o .libs/libtntnet_la-comploader.o .libs/libtntnet_la-component.o .libs/libtntnet_la-componentfactory.o .libs/libtntnet_la-contentdisposition.o .libs/libtntnet_la-contenttype.o .libs/libtntnet_la-convert.o .libs/libtntnet_la-cookie.o .libs/libtntnet_la-deflatestream.o .libs/libtntnet_la-dispatcher.o .libs/libtntnet_la-ecpp.o .libs/libtntnet_la-encoding.o .libs/libtntnet_la-htmlescostream.o .libs/libtntnet_la-http.o .libs/libtntnet_la-httperror.o .libs/libtntnet_la-httpheader.o .libs/libtntnet_la-httpmessage.o .libs/libtntnet_la-httpparser.o .libs/libtntnet_la-httprequest.o .libs/libtntnet_la-httpreply.o .libs/ioapi.o .libs/libtntnet_la-job.o .libs/libtntnet_la-langlib.o .libs/libtntnet_la-listener.o .libs/libtntnet_la-mbcomponent.o .libs/libtntnet_la-messageattribute.o .libs/libtntnet_la-messageheader.o .libs/libtntnet_la-messageheaderparser.o .libs/libtntnet_la-mimedb.o .libs/libtntnet_la-multipart.o .libs/libtntnet_la-poller.o .libs/libtntnet_la-savepoint.o .libs/libtntnet_la-scope.o .libs/libtntnet_la-scopemanager.o .libs/libtntnet_la-stringlessignorecase.o .libs/libtntnet_la-tntconfig.o .libs/libtntnet_la-tntnet.o .libs/unzip.o .libs/libtntnet_la-unzipfile.o .libs/libtntnet_la-urlescostream.o .libs/libtntnet_la-urlmapper.o .libs/libtntnet_la-util.o .libs/libtntnet_la-worker.o .libs/libtntnet_la-zdata.o .libs/libtntnet_la-openssl.o   -lz -lcxxtools -lssl -lcrypto -lpthread  -O2   -install_name  /usr/local/tntnet/2.2rc3/lib/libtntnet.11.dylib -compatibility_version 12 -current_version 12.0 -Wl,-single_module
ld: library not found for -lcxxtools
collect2: ld returned 1 exit status
make[2]: *** [libtntnet.la] Error 1
make[1]: *** [all] Error 2
make: *** [all-recursive] Error 1
